{"C:\\Users\\sandeep\\news_aggregrator_api\\controllers\\users.js": {"path":"C:\\Users\\sandeep\\news_aggregrator_api\\controllers\\users.js","statementMap":{"0":{"start":{"line":1,"column":11},"end":{"line":1,"column":36}},"1":{"start":{"line":2,"column":13},"end":{"line":2,"column":30}},"2":{"start":{"line":3,"column":10},"end":{"line":3,"column":33}},"3":{"start":{"line":4,"column":20},"end":{"line":34,"column":1}},"4":{"start":{"line":5,"column":51},"end":{"line":5,"column":59}},"5":{"start":{"line":6,"column":19},"end":{"line":6,"column":46}},"6":{"start":{"line":7,"column":4},"end":{"line":10,"column":5}},"7":{"start":{"line":9,"column":8},"end":{"line":9,"column":69}},"8":{"start":{"line":12,"column":4},"end":{"line":30,"column":5}},"9":{"start":{"line":13,"column":30},"end":{"line":13,"column":60}},"10":{"start":{"line":14,"column":22},"end":{"line":18,"column":25}},"11":{"start":{"line":20,"column":8},"end":{"line":20,"column":29}},"12":{"start":{"line":22,"column":8},"end":{"line":22,"column":70}},"13":{"start":{"line":27,"column":8},"end":{"line":27,"column":25}},"14":{"start":{"line":28,"column":8},"end":{"line":28,"column":48}},"15":{"start":{"line":39,"column":17},"end":{"line":53,"column":1}},"16":{"start":{"line":40,"column":26},"end":{"line":40,"column":34}},"17":{"start":{"line":41,"column":15},"end":{"line":41,"column":42}},"18":{"start":{"line":42,"column":4},"end":{"line":43,"column":64}},"19":{"start":{"line":43,"column":8},"end":{"line":43,"column":64}},"20":{"start":{"line":44,"column":18},"end":{"line":44,"column":62}},"21":{"start":{"line":45,"column":3},"end":{"line":47,"column":1}},"22":{"start":{"line":46,"column":4},"end":{"line":46,"column":65}},"23":{"start":{"line":50,"column":16},"end":{"line":50,"column":96}},"24":{"start":{"line":51,"column":4},"end":{"line":51,"column":60}},"25":{"start":{"line":54,"column":0},"end":{"line":54,"column":42}}},"fnMap":{"0":{"name":"(anonymous_0)","decl":{"start":{"line":4,"column":20},"end":{"line":4,"column":21}},"loc":{"start":{"line":4,"column":37},"end":{"line":34,"column":1}},"line":4},"1":{"name":"(anonymous_1)","decl":{"start":{"line":39,"column":17},"end":{"line":39,"column":18}},"loc":{"start":{"line":39,"column":33},"end":{"line":53,"column":1}},"line":39}},"branchMap":{"0":{"loc":{"start":{"line":7,"column":4},"end":{"line":10,"column":5}},"type":"if","locations":[{"start":{"line":7,"column":4},"end":{"line":10,"column":5}},{"start":{},"end":{}}],"line":7},"1":{"loc":{"start":{"line":42,"column":4},"end":{"line":43,"column":64}},"type":"if","locations":[{"start":{"line":42,"column":4},"end":{"line":43,"column":64}},{"start":{},"end":{}}],"line":42},"2":{"loc":{"start":{"line":45,"column":3},"end":{"line":47,"column":1}},"type":"if","locations":[{"start":{"line":45,"column":3},"end":{"line":47,"column":1}},{"start":{},"end":{}}],"line":45}},"s":{"0":2,"1":2,"2":2,"3":2,"4":1,"5":1,"6":1,"7":0,"8":1,"9":1,"10":1,"11":1,"12":1,"13":0,"14":0,"15":2,"16":1,"17":1,"18":1,"19":0,"20":1,"21":1,"22":0,"23":1,"24":1,"25":2},"f":{"0":1,"1":1},"b":{"0":[0,1],"1":[0,1],"2":[0,1]},"_coverageSchema":"1a1c01bbd47fc00a2c39e90264f33305004495a9","hash":"ea60ff1a45fed47b87834822122c37892a831aa5"}
,"C:\\Users\\sandeep\\news_aggregrator_api\\models\\user.js": {"path":"C:\\Users\\sandeep\\news_aggregrator_api\\models\\user.js","statementMap":{"0":{"start":{"line":1,"column":17},"end":{"line":1,"column":36}},"1":{"start":{"line":3,"column":19},"end":{"line":14,"column":2}},"2":{"start":{"line":16,"column":13},"end":{"line":16,"column":47}},"3":{"start":{"line":18,"column":0},"end":{"line":18,"column":22}}},"fnMap":{},"branchMap":{},"s":{"0":3,"1":3,"2":3,"3":3},"f":{},"b":{},"_coverageSchema":"1a1c01bbd47fc00a2c39e90264f33305004495a9","hash":"59d2d472f48c8f3b98d8229d2de4180b6a2b3fba"}
,"C:\\Users\\sandeep\\news_aggregrator_api\\routes\\users.js": {"path":"C:\\Users\\sandeep\\news_aggregrator_api\\routes\\users.js","statementMap":{"0":{"start":{"line":2,"column":14},"end":{"line":2,"column":32}},"1":{"start":{"line":3,"column":13},"end":{"line":3,"column":29}},"2":{"start":{"line":4,"column":21},"end":{"line":4,"column":52}},"3":{"start":{"line":5,"column":31},"end":{"line":5,"column":59}},"4":{"start":{"line":6,"column":0},"end":{"line":34,"column":6}},"5":{"start":{"line":24,"column":17},"end":{"line":24,"column":38}},"6":{"start":{"line":25,"column":4},"end":{"line":27,"column":5}},"7":{"start":{"line":26,"column":8},"end":{"line":26,"column":61}},"8":{"start":{"line":28,"column":4},"end":{"line":28,"column":41}},"9":{"start":{"line":35,"column":0},"end":{"line":35,"column":47}},"10":{"start":{"line":36,"column":0},"end":{"line":36,"column":22}}},"fnMap":{"0":{"name":"(anonymous_0)","decl":{"start":{"line":23,"column":0},"end":{"line":23,"column":1}},"loc":{"start":{"line":23,"column":11},"end":{"line":31,"column":1}},"line":23}},"branchMap":{"0":{"loc":{"start":{"line":25,"column":4},"end":{"line":27,"column":5}},"type":"if","locations":[{"start":{"line":25,"column":4},"end":{"line":27,"column":5}},{"start":{},"end":{}}],"line":25}},"s":{"0":1,"1":1,"2":1,"3":1,"4":1,"5":1,"6":1,"7":0,"8":1,"9":1,"10":1},"f":{"0":1},"b":{"0":[0,1]},"_coverageSchema":"1a1c01bbd47fc00a2c39e90264f33305004495a9","hash":"374f04a71daac8fff62b9f5386bf26f7eee993fb"}
}
