TN:
SF:controllers\users.js
FN:4,(anonymous_0)
FN:39,(anonymous_1)
FNF:2
FNH:2
FNDA:1,(anonymous_0)
FNDA:1,(anonymous_1)
DA:1,2
DA:2,2
DA:3,2
DA:4,2
DA:5,1
DA:6,1
DA:7,1
DA:9,0
DA:12,1
DA:13,1
DA:14,1
DA:20,1
DA:22,1
DA:27,0
DA:28,0
DA:39,2
DA:40,1
DA:41,1
DA:42,1
DA:43,0
DA:44,1
DA:45,1
DA:46,0
DA:50,1
DA:51,1
DA:54,2
LF:26
LH:21
BRDA:7,0,0,0
BRDA:7,0,1,1
BRDA:42,1,0,0
BRDA:42,1,1,1
BRDA:45,2,0,0
BRDA:45,2,1,1
BRF:6
BRH:3
end_of_record
TN:
SF:models\user.js
FNF:0
FNH:0
DA:1,3
DA:3,3
DA:16,3
DA:18,3
LF:4
LH:4
BRF:0
BRH:0
end_of_record
TN:
SF:routes\users.js
FN:23,(anonymous_0)
FNF:1
FNH:1
FNDA:1,(anonymous_0)
DA:2,1
DA:3,1
DA:4,1
DA:5,1
DA:6,1
DA:24,1
DA:25,1
DA:26,0
DA:28,1
DA:35,1
DA:36,1
LF:11
LH:10
BRDA:25,0,0,0
BRDA:25,0,1,1
BRF:2
BRH:1
end_of_record
